<?xml version="1.0" encoding="UTF-8"?>
<testsuite xmlns:xsi="http://www.w3.org/2001/XMLSchema-instance" xsi:noNamespaceSchemaLocation="https://maven.apache.org/surefire/maven-surefire-plugin/xsd/surefire-test-report-3.0.xsd" version="3.0" name="udistrital.avanzada.parcial.control.ControlMascotaTest" time="0.125" tests="10" errors="0" skipped="0" failures="0">
  <properties>
[...]
</properties>
  <testcase name="testGetClasificaciones" classname="udistrital.avanzada.parcial.control.ControlMascotaTest" time="0.029">
    <system-out><![CDATA[=== INICIO DE PRUEBAS DE CONTROL MASCOTA ===

Preparando caso de prueba...
Caso de prueba finalizado.
]]></system-out>
  </testcase>
  <testcase name="testGetAlimentaciones" classname="udistrital.avanzada.parcial.control.ControlMascotaTest" time="0.004">
    <system-out><![CDATA[
Preparando caso de prueba...
Caso de prueba finalizado.
]]></system-out>
  </testcase>
  <testcase name="testRegistrarMascotaNula" classname="udistrital.avanzada.parcial.control.ControlMascotaTest" time="0.004">
    <system-out><![CDATA[
Preparando caso de prueba...
Caso de prueba finalizado.
]]></system-out>
  </testcase>
  <testcase name="testRegistrarMascotaCamposVacios" classname="udistrital.avanzada.parcial.control.ControlMascotaTest" time="0.004">
    <system-out><![CDATA[
Preparando caso de prueba...
Caso de prueba finalizado.
]]></system-out>
  </testcase>
  <testcase name="testBuscarMascotaNoExiste" classname="udistrital.avanzada.parcial.control.ControlMascotaTest" time="0.003">
    <system-out><![CDATA[
Preparando caso de prueba...
Caso de prueba finalizado.
]]></system-out>
  </testcase>
  <testcase name="testConsultarConFiltros" classname="udistrital.avanzada.parcial.control.ControlMascotaTest" time="0.003">
    <system-out><![CDATA[
Preparando caso de prueba...
⚠️ Error esperado al consultar con filtros: Error al consultar con filtros: La conexión a la base de datos no está disponible. Verifique que XAMPP esté corriendo y que la base de datos 'mascotas_exoticas' exista.
Caso de prueba finalizado.
]]></system-out>
  </testcase>
  <testcase name="testListarMascotas" classname="udistrital.avanzada.parcial.control.ControlMascotaTest" time="0.002">
    <system-out><![CDATA[
Preparando caso de prueba...
⚠️ No se pudo listar mascotas: Error al listar mascotas: La conexión a la base de datos no está disponible. Verifique que XAMPP esté corriendo y que la base de datos 'mascotas_exoticas' exista.
Caso de prueba finalizado.
]]></system-out>
  </testcase>
  <testcase name="testEliminarMascotaApodoVacio" classname="udistrital.avanzada.parcial.control.ControlMascotaTest" time="0.001">
    <system-out><![CDATA[
Preparando caso de prueba...
Caso de prueba finalizado.
]]></system-out>
  </testcase>
  <testcase name="testActualizarMascotaNula" classname="udistrital.avanzada.parcial.control.ControlMascotaTest" time="0.003">
    <system-out><![CDATA[
Preparando caso de prueba...
Caso de prueba finalizado.
]]></system-out>
  </testcase>
  <testcase name="testGetMensaje" classname="udistrital.avanzada.parcial.control.ControlMascotaTest" time="0.002">
    <system-out><![CDATA[
Preparando caso de prueba...
Mensaje actual del sistema: No se encontró ninguna mascota con ese apodo.
Caso de prueba finalizado.
]]></system-out>
  </testcase>
</testsuite>